<?xml version="1.0" encoding="UTF-8"?>
<!-- Generated by org.testng.reporters.JUnitXMLReporter -->
<testsuite ignored="0" hostname="CIPLWKT014" failures="1" tests="31" name="Test3" time="1167.501" errors="0" timestamp="2025-01-07T11:00:06 IST">
  <testcase classname="Computhink.Script.SearchSelectDocumentLocation" name="A_BlankSearch" time="37.465"/>
  <testcase classname="Computhink.Script.SearchSelectDocumentLocation" name="B_ExactSearchInIndexWithLoadMoreCount" time="103.456"/>
  <testcase classname="Computhink.Script.SearchSelectDocumentLocation" name="C_ExactSearchInIndex" time="36.265">
    <skipped/>
  </testcase> <!-- C_ExactSearchInIndex -->
  <testcase classname="Computhink.Script.SearchSelectDocumentLocation" name="C_ExactSearchInIndex" time="36.174">
    <skipped/>
  </testcase> <!-- C_ExactSearchInIndex -->
  <testcase classname="Computhink.Script.SearchSelectDocumentLocation" name="C_ExactSearchInIndex" time="36.052">
    <skipped/>
  </testcase> <!-- C_ExactSearchInIndex -->
  <testcase classname="Computhink.Script.SearchSelectDocumentLocation" name="C_ExactSearchInIndex" time="36.243">
    <failure type="org.openqa.selenium.NoSuchElementException" message="no such element: Unable to locate element: {&amp;quot;method&amp;quot;:&amp;quot;xpath&amp;quot;,&amp;quot;selector&amp;quot;:&amp;quot;//*[@id=&amp;apos;searchListTable&amp;apos;]/tbody/tr[2]/td[2]&amp;quot;}
  (Session info: chrome=131.0.6778.205)
For documentation on this error, please visit: https://www.seleniumhq.org/exceptions/no_such_element.html
Build info: version: &amp;apos;3.141.59&amp;apos;, revision: &amp;apos;e82be7d358&amp;apos;, time: &amp;apos;2018-11-14T08:25:53&amp;apos;
System info: host: &amp;apos;CIPLWKT014&amp;apos;, ip: &amp;apos;10.4.8.14&amp;apos;, os.name: &amp;apos;Windows 10&amp;apos;, os.arch: &amp;apos;amd64&amp;apos;, os.version: &amp;apos;10.0&amp;apos;, java.version: &amp;apos;17.0.12&amp;apos;
Driver info: org.openqa.selenium.chrome.ChromeDriver
Capabilities {acceptInsecureCerts: false, browserName: chrome, browserVersion: 131.0.6778.205, chrome: {chromedriverVersion: 131.0.6778.204 (52183f9e99a..., userDataDir: C:\Users\nisha.r\AppData\Lo...}, fedcm:accounts: true, goog:chromeOptions: {debuggerAddress: localhost:52566}, javascriptEnabled: true, networkConnectionEnabled: false, pageLoadStrategy: normal, platform: WINDOWS, platformName: WINDOWS, proxy: Proxy(), setWindowRect: true, strictFileInteractability: false, timeouts: {implicit: 0, pageLoad: 300000, script: 30000}, unhandledPromptBehavior: dismiss and notify, webauthn:extension:credBlob: true, webauthn:extension:largeBlob: true, webauthn:extension:minPinLength: true, webauthn:extension:prf: true, webauthn:virtualAuthenticators: true}
Session ID: cb430c0912321e58e937b072d84e0eb3
*** Element info: {Using=xpath, value=//*[@id=&amp;apos;searchListTable&amp;apos;]/tbody/tr[2]/td[2]}">
      <![CDATA[org.openqa.selenium.NoSuchElementException: no such element: Unable to locate element: {"method":"xpath","selector":"//*[@id='searchListTable']/tbody/tr[2]/td[2]"}
  (Session info: chrome=131.0.6778.205)
For documentation on this error, please visit: https://www.seleniumhq.org/exceptions/no_such_element.html
Build info: version: '3.141.59', revision: 'e82be7d358', time: '2018-11-14T08:25:53'
System info: host: 'CIPLWKT014', ip: '10.4.8.14', os.name: 'Windows 10', os.arch: 'amd64', os.version: '10.0', java.version: '17.0.12'
Driver info: org.openqa.selenium.chrome.ChromeDriver
Capabilities {acceptInsecureCerts: false, browserName: chrome, browserVersion: 131.0.6778.205, chrome: {chromedriverVersion: 131.0.6778.204 (52183f9e99a..., userDataDir: C:\Users\nisha.r\AppData\Lo...}, fedcm:accounts: true, goog:chromeOptions: {debuggerAddress: localhost:52566}, javascriptEnabled: true, networkConnectionEnabled: false, pageLoadStrategy: normal, platform: WINDOWS, platformName: WINDOWS, proxy: Proxy(), setWindowRect: true, strictFileInteractability: false, timeouts: {implicit: 0, pageLoad: 300000, script: 30000}, unhandledPromptBehavior: dismiss and notify, webauthn:extension:credBlob: true, webauthn:extension:largeBlob: true, webauthn:extension:minPinLength: true, webauthn:extension:prf: true, webauthn:virtualAuthenticators: true}
Session ID: cb430c0912321e58e937b072d84e0eb3
*** Element info: {Using=xpath, value=//*[@id='searchListTable']/tbody/tr[2]/td[2]}
at org.openqa.selenium.remote.http.W3CHttpResponseCodec.createException(W3CHttpResponseCodec.java:187)
at org.openqa.selenium.remote.http.W3CHttpResponseCodec.decode(W3CHttpResponseCodec.java:122)
at org.openqa.selenium.remote.http.W3CHttpResponseCodec.decode(W3CHttpResponseCodec.java:49)
at org.openqa.selenium.remote.HttpCommandExecutor.execute(HttpCommandExecutor.java:158)
at org.openqa.selenium.remote.service.DriverCommandExecutor.execute(DriverCommandExecutor.java:83)
at org.openqa.selenium.remote.RemoteWebDriver.execute(RemoteWebDriver.java:552)
at org.openqa.selenium.remote.RemoteWebDriver.findElement(RemoteWebDriver.java:323)
at org.openqa.selenium.remote.RemoteWebDriver.findElementByXPath(RemoteWebDriver.java:428)
at org.openqa.selenium.By$ByXPath.findElement(By.java:353)
at org.openqa.selenium.remote.RemoteWebDriver.findElement(RemoteWebDriver.java:315)
at org.openqa.selenium.support.pagefactory.DefaultElementLocator.findElement(DefaultElementLocator.java:69)
at org.openqa.selenium.support.pagefactory.internal.LocatingElementHandler.invoke(LocatingElementHandler.java:38)
at jdk.proxy2/jdk.proxy2.$Proxy26.isDisplayed(Unknown Source)
at Computhink.Pom.SearchFunction.ExactSearchInIndex(SearchFunction.java:856)
at Computhink.Script.SearchSelectDocumentLocation.C_ExactSearchInIndex(SearchSelectDocumentLocation.java:94)
at java.base/java.util.ArrayList.forEach(ArrayList.java:1511)
... Removed 31 stack frames]]>
    </failure>
  </testcase> <!-- C_ExactSearchInIndex -->
  <testcase classname="Computhink.Script.SearchSelectDocumentLocation" name="D_AtLeastOneWordSeachIndex" time="15.157"/>
  <testcase classname="Computhink.Script.SearchSelectDocumentLocation" name="E_AllOfTheWordSearchIndex" time="54.734"/>
  <testcase classname="Computhink.Script.SearchSelectDocumentLocation" name="G_FolderLevelSearch" time="45.822"/>
  <testcase classname="Computhink.Script.SearchSelectDocumentLocation" name="H_DrawerLevelSearch" time="36.824"/>
  <testcase classname="Computhink.Script.SearchSelectDocumentLocation" name="I_CabinetLevel" time="40.241"/>
  <testcase classname="Computhink.Script.SearchSelectDocumentLocation" name="J_DocumentDropDown" time="38.392"/>
  <testcase classname="Computhink.Script.SearchSelectDocumentLocation" name="K_DocumentCreatorDropDown" time="23.856">
    <skipped/>
  </testcase> <!-- K_DocumentCreatorDropDown -->
  <testcase classname="Computhink.Script.SearchSelectDocumentLocation" name="K_DocumentCreatorDropDown" time="41.989"/>
  <testcase classname="Computhink.Script.SearchSelectDocumentLocation" name="L_Reject_WF" time="24.906"/>
  <testcase classname="Computhink.Script.SearchSelectDocumentLocation" name="M_PendingWorkflow" time="34.163"/>
  <testcase classname="Computhink.Script.SearchSelectDocumentLocation" name="N_CompletedWF_Document" time="49.782"/>
  <testcase classname="Computhink.Script.SearchSelectDocumentLocation" name="O_TaskCompletedWFDocumentt" time="22.923"/>
  <testcase classname="Computhink.Script.SearchSelectDocumentLocation" name="N_TextSearchWithSQLData" time="53.623"/>
  <testcase classname="Computhink.Script.SearchSelectDocumentLocation" name="O_TextSearchWithAllOftheWords" time="43.145"/>
  <testcase classname="Computhink.Script.SearchSelectDocumentLocation" name="P_TextSearchWithAtpartOftheWord" time="13.447">
    <skipped/>
  </testcase> <!-- P_TextSearchWithAtpartOftheWord -->
  <testcase classname="Computhink.Script.SearchSelectDocumentLocation" name="P_TextSearchWithAtpartOftheWord" time="41.523"/>
  <testcase classname="Computhink.Script.SearchSelectDocumentLocation" name="AppendToHit" time="29.582"/>
  <testcase classname="Computhink.Script.SearchSelectDocumentLocation" name="Find_In_Hit_List" time="50.606"/>
  <testcase classname="Computhink.Script.SearchSelectDocumentLocation" name="All_Version" time="65.458"/>
  <testcase classname="Computhink.Script.SearchSelectDocumentLocation" name="Q_FolderSerchIcon" time="19.054"/>
  <testcase classname="Computhink.Script.SearchSelectDocumentLocation" name="R_QuickSearch" time="20.607"/>
  <testcase classname="Computhink.Script.SearchSelectDocumentLocation" name="S_DocumentSearch" time="29.535">
    <skipped/>
  </testcase> <!-- S_DocumentSearch -->
  <testcase classname="Computhink.Script.SearchSelectDocumentLocation" name="S_DocumentSearch" time="8.362">
    <skipped/>
  </testcase> <!-- S_DocumentSearch -->
  <testcase classname="Computhink.Script.SearchSelectDocumentLocation" name="S_DocumentSearch" time="60.761"/>
  <testcase classname="Computhink.Script.SearchSelectDocumentLocation" name="CreateAndModifyDate" time="17.068"/>
</testsuite> <!-- Test3 -->
