<?xml version="1.0" encoding="UTF-8"?>
<!-- Generated by org.testng.reporters.JUnitXMLReporter -->
<testsuite ignored="0" hostname="CIPLWKT014" failures="1" tests="6" name="Test20" time="488.7" errors="0" timestamp="2025-01-09T16:01:41 IST">
  <testcase classname="Computhink.Script.RoomContextFunction_TakeOwnerShip_ReleaseOwnerShip" name="Login" time="37.169"/>
  <testcase classname="Computhink.Script.RoomContextFunction_TakeOwnerShip_ReleaseOwnerShip" name="TC_03_TakeOwnerShip" time="125.452">
    <skipped/>
  </testcase> <!-- TC_03_TakeOwnerShip -->
  <testcase classname="Computhink.Script.RoomContextFunction_TakeOwnerShip_ReleaseOwnerShip" name="TC_03_TakeOwnerShip" time="46.192">
    <skipped/>
  </testcase> <!-- TC_03_TakeOwnerShip -->
  <testcase classname="Computhink.Script.RoomContextFunction_TakeOwnerShip_ReleaseOwnerShip" name="TC_03_TakeOwnerShip" time="10.037">
    <skipped/>
  </testcase> <!-- TC_03_TakeOwnerShip -->
  <testcase classname="Computhink.Script.RoomContextFunction_TakeOwnerShip_ReleaseOwnerShip" name="TC_03_TakeOwnerShip" time="10.019">
    <failure type="org.openqa.selenium.NoSuchElementException" message="no such element: Unable to locate element: {&amp;quot;method&amp;quot;:&amp;quot;xpath&amp;quot;,&amp;quot;selector&amp;quot;:&amp;quot;//*[@id=&amp;quot;homeMenuBtn&amp;quot;]/img&amp;quot;}
  (Session info: chrome=131.0.6778.206)
For documentation on this error, please visit: https://www.seleniumhq.org/exceptions/no_such_element.html
Build info: version: &amp;apos;3.141.59&amp;apos;, revision: &amp;apos;e82be7d358&amp;apos;, time: &amp;apos;2018-11-14T08:25:53&amp;apos;
System info: host: &amp;apos;CIPLWKT014&amp;apos;, ip: &amp;apos;10.4.8.14&amp;apos;, os.name: &amp;apos;Windows 10&amp;apos;, os.arch: &amp;apos;amd64&amp;apos;, os.version: &amp;apos;10.0&amp;apos;, java.version: &amp;apos;17.0.12&amp;apos;
Driver info: org.openqa.selenium.chrome.ChromeDriver
Capabilities {acceptInsecureCerts: false, browserName: chrome, browserVersion: 131.0.6778.206, chrome: {chromedriverVersion: 131.0.6778.264 (2d05e315153..., userDataDir: C:\Users\nisha.r\AppData\Lo...}, fedcm:accounts: true, goog:chromeOptions: {debuggerAddress: localhost:60434}, javascriptEnabled: true, networkConnectionEnabled: false, pageLoadStrategy: normal, platform: WINDOWS, platformName: WINDOWS, proxy: Proxy(), setWindowRect: true, strictFileInteractability: false, timeouts: {implicit: 0, pageLoad: 300000, script: 30000}, unhandledPromptBehavior: dismiss and notify, webauthn:extension:credBlob: true, webauthn:extension:largeBlob: true, webauthn:extension:minPinLength: true, webauthn:extension:prf: true, webauthn:virtualAuthenticators: true}
Session ID: c84c9229a390efdd073d3f8d2eb25892
*** Element info: {Using=xpath, value=//*[@id=&amp;quot;homeMenuBtn&amp;quot;]/img}">
      <![CDATA[org.openqa.selenium.NoSuchElementException: no such element: Unable to locate element: {"method":"xpath","selector":"//*[@id="homeMenuBtn"]/img"}
  (Session info: chrome=131.0.6778.206)
For documentation on this error, please visit: https://www.seleniumhq.org/exceptions/no_such_element.html
Build info: version: '3.141.59', revision: 'e82be7d358', time: '2018-11-14T08:25:53'
System info: host: 'CIPLWKT014', ip: '10.4.8.14', os.name: 'Windows 10', os.arch: 'amd64', os.version: '10.0', java.version: '17.0.12'
Driver info: org.openqa.selenium.chrome.ChromeDriver
Capabilities {acceptInsecureCerts: false, browserName: chrome, browserVersion: 131.0.6778.206, chrome: {chromedriverVersion: 131.0.6778.264 (2d05e315153..., userDataDir: C:\Users\nisha.r\AppData\Lo...}, fedcm:accounts: true, goog:chromeOptions: {debuggerAddress: localhost:60434}, javascriptEnabled: true, networkConnectionEnabled: false, pageLoadStrategy: normal, platform: WINDOWS, platformName: WINDOWS, proxy: Proxy(), setWindowRect: true, strictFileInteractability: false, timeouts: {implicit: 0, pageLoad: 300000, script: 30000}, unhandledPromptBehavior: dismiss and notify, webauthn:extension:credBlob: true, webauthn:extension:largeBlob: true, webauthn:extension:minPinLength: true, webauthn:extension:prf: true, webauthn:virtualAuthenticators: true}
Session ID: c84c9229a390efdd073d3f8d2eb25892
*** Element info: {Using=xpath, value=//*[@id="homeMenuBtn"]/img}
at org.openqa.selenium.remote.http.W3CHttpResponseCodec.createException(W3CHttpResponseCodec.java:187)
at org.openqa.selenium.remote.http.W3CHttpResponseCodec.decode(W3CHttpResponseCodec.java:122)
at org.openqa.selenium.remote.http.W3CHttpResponseCodec.decode(W3CHttpResponseCodec.java:49)
at org.openqa.selenium.remote.HttpCommandExecutor.execute(HttpCommandExecutor.java:158)
at org.openqa.selenium.remote.service.DriverCommandExecutor.execute(DriverCommandExecutor.java:83)
at org.openqa.selenium.remote.RemoteWebDriver.execute(RemoteWebDriver.java:552)
at org.openqa.selenium.remote.RemoteWebDriver.findElement(RemoteWebDriver.java:323)
at org.openqa.selenium.remote.RemoteWebDriver.findElementByXPath(RemoteWebDriver.java:428)
at org.openqa.selenium.By$ByXPath.findElement(By.java:353)
at org.openqa.selenium.remote.RemoteWebDriver.findElement(RemoteWebDriver.java:315)
at Computhink.Generic.BaseClass.Refresh_Button(BaseClass.java:1197)
at Computhink.Pom.RoomContextMenu.TakeOwnerShip(RoomContextMenu.java:548)
at Computhink.Script.RoomContextFunction_TakeOwnerShip_ReleaseOwnerShip.TC_03_TakeOwnerShip(RoomContextFunction_TakeOwnerShip_ReleaseOwnerShip.java:66)
at java.base/java.util.ArrayList.forEach(ArrayList.java:1511)
... Removed 31 stack frames]]>
    </failure>
  </testcase> <!-- TC_03_TakeOwnerShip -->
  <testcase classname="Computhink.Script.RoomContextFunction_TakeOwnerShip_ReleaseOwnerShip" name="TC_04_ReleaseOwnerShip" time="246.255"/>
</testsuite> <!-- Test20 -->
