<?xml version="1.0" encoding="UTF-8"?>
<!-- Generated by org.testng.reporters.JUnitXMLReporter -->
<testsuite ignored="0" hostname="CIPLWKT014" failures="2" tests="8" name="Test12" time="1080.792" errors="0" timestamp="2025-01-06T20:10:53 IST">
  <testcase classname="Computhink.Script.My_Preferences_Add_signature" name="TC_01_Verify_Upload_New_Signature" time="174.183">
    <skipped/>
  </testcase> <!-- TC_01_Verify_Upload_New_Signature -->
  <testcase classname="Computhink.Script.My_Preferences_Add_signature" name="TC_01_Verify_Upload_New_Signature" time="173.978">
    <skipped/>
  </testcase> <!-- TC_01_Verify_Upload_New_Signature -->
  <testcase classname="Computhink.Script.My_Preferences_Add_signature" name="TC_01_Verify_Upload_New_Signature" time="174.197">
    <skipped/>
  </testcase> <!-- TC_01_Verify_Upload_New_Signature -->
  <testcase classname="Computhink.Script.My_Preferences_Add_signature" name="TC_01_Verify_Upload_New_Signature" time="173.888">
    <failure type="org.openqa.selenium.ElementClickInterceptedException" message="element click intercepted: Element &amp;lt;input type=&amp;quot;text&amp;quot; id=&amp;quot;indices_21&amp;quot; data-inputmask=&amp;quot;mask:  &amp;quot; value=&amp;quot;&amp;quot; style=&amp;quot;width: 100%; font-family: wf_segoe-ui_normal, &amp;amp;quot;Segoe UI&amp;amp;quot;, &amp;amp;quot;Segoe WP&amp;amp;quot;, Tahoma, Arial, sans-serif; font-size: 13px;&amp;quot; maxlength=&amp;quot;255&amp;quot;&amp;gt; is not clickable at point (351, 226). Other element would receive the click: &amp;lt;div id=&amp;quot;validationModel&amp;quot; class=&amp;quot;cvModelValidation&amp;quot; style=&amp;quot;display: block; font-family: wf_segoe-ui_normal, &amp;amp;quot;Segoe UI&amp;amp;quot;, &amp;amp;quot;Segoe WP&amp;amp;quot;, Tahoma, Arial, sans-serif;&amp;quot;&amp;gt;...&amp;lt;/div&amp;gt;
  (Session info: chrome=131.0.6778.205)
Build info: version: &amp;apos;3.141.59&amp;apos;, revision: &amp;apos;e82be7d358&amp;apos;, time: &amp;apos;2018-11-14T08:25:53&amp;apos;
System info: host: &amp;apos;CIPLWKT014&amp;apos;, ip: &amp;apos;10.4.8.14&amp;apos;, os.name: &amp;apos;Windows 10&amp;apos;, os.arch: &amp;apos;amd64&amp;apos;, os.version: &amp;apos;10.0&amp;apos;, java.version: &amp;apos;17.0.12&amp;apos;
Driver info: org.openqa.selenium.chrome.ChromeDriver
Capabilities {acceptInsecureCerts: false, browserName: chrome, browserVersion: 131.0.6778.205, chrome: {chromedriverVersion: 131.0.6778.204 (52183f9e99a..., userDataDir: C:\Users\nisha.r\AppData\Lo...}, fedcm:accounts: true, goog:chromeOptions: {debuggerAddress: localhost:55904}, javascriptEnabled: true, networkConnectionEnabled: false, pageLoadStrategy: normal, platform: WINDOWS, platformName: WINDOWS, proxy: Proxy(), setWindowRect: true, strictFileInteractability: false, timeouts: {implicit: 0, pageLoad: 300000, script: 30000}, unhandledPromptBehavior: dismiss and notify, webauthn:extension:credBlob: true, webauthn:extension:largeBlob: true, webauthn:extension:minPinLength: true, webauthn:extension:prf: true, webauthn:virtualAuthenticators: true}
Session ID: 326f5e112b463db245f5232d9244f69c">
      <![CDATA[org.openqa.selenium.ElementClickInterceptedException: element click intercepted: Element <input type="text" id="indices_21" data-inputmask="mask:  " value="" style="width: 100%; font-family: wf_segoe-ui_normal, &quot;Segoe UI&quot;, &quot;Segoe WP&quot;, Tahoma, Arial, sans-serif; font-size: 13px;" maxlength="255"> is not clickable at point (351, 226). Other element would receive the click: <div id="validationModel" class="cvModelValidation" style="display: block; font-family: wf_segoe-ui_normal, &quot;Segoe UI&quot;, &quot;Segoe WP&quot;, Tahoma, Arial, sans-serif;">...</div>
  (Session info: chrome=131.0.6778.205)
Build info: version: '3.141.59', revision: 'e82be7d358', time: '2018-11-14T08:25:53'
System info: host: 'CIPLWKT014', ip: '10.4.8.14', os.name: 'Windows 10', os.arch: 'amd64', os.version: '10.0', java.version: '17.0.12'
Driver info: org.openqa.selenium.chrome.ChromeDriver
Capabilities {acceptInsecureCerts: false, browserName: chrome, browserVersion: 131.0.6778.205, chrome: {chromedriverVersion: 131.0.6778.204 (52183f9e99a..., userDataDir: C:\Users\nisha.r\AppData\Lo...}, fedcm:accounts: true, goog:chromeOptions: {debuggerAddress: localhost:55904}, javascriptEnabled: true, networkConnectionEnabled: false, pageLoadStrategy: normal, platform: WINDOWS, platformName: WINDOWS, proxy: Proxy(), setWindowRect: true, strictFileInteractability: false, timeouts: {implicit: 0, pageLoad: 300000, script: 30000}, unhandledPromptBehavior: dismiss and notify, webauthn:extension:credBlob: true, webauthn:extension:largeBlob: true, webauthn:extension:minPinLength: true, webauthn:extension:prf: true, webauthn:virtualAuthenticators: true}
Session ID: 326f5e112b463db245f5232d9244f69c
at org.openqa.selenium.remote.http.W3CHttpResponseCodec.createException(W3CHttpResponseCodec.java:187)
at org.openqa.selenium.remote.http.W3CHttpResponseCodec.decode(W3CHttpResponseCodec.java:122)
at org.openqa.selenium.remote.http.W3CHttpResponseCodec.decode(W3CHttpResponseCodec.java:49)
at org.openqa.selenium.remote.HttpCommandExecutor.execute(HttpCommandExecutor.java:158)
at org.openqa.selenium.remote.service.DriverCommandExecutor.execute(DriverCommandExecutor.java:83)
at org.openqa.selenium.remote.RemoteWebDriver.execute(RemoteWebDriver.java:552)
at org.openqa.selenium.remote.RemoteWebElement.execute(RemoteWebElement.java:285)
at org.openqa.selenium.remote.RemoteWebElement.click(RemoteWebElement.java:84)
at org.openqa.selenium.support.pagefactory.internal.LocatingElementHandler.invoke(LocatingElementHandler.java:51)
at jdk.proxy2/jdk.proxy2.$Proxy26.click(Unknown Source)
at Computhink.Pom.My_Preferences.getEnter_ReportName_Addsignature(My_Preferences.java:1073)
at Computhink.Pom.My_Preferences.Verify_Upload_New_Signature(My_Preferences.java:1957)
at Computhink.Script.My_Preferences_Add_signature.TC_01_Verify_Upload_New_Signature(My_Preferences_Add_signature.java:34)
at java.base/java.util.ArrayList.forEach(ArrayList.java:1511)
... Removed 36 stack frames]]>
    </failure>
  </testcase> <!-- TC_01_Verify_Upload_New_Signature -->
  <testcase classname="Computhink.Script.My_Preferences_Add_signature" name="TC_02_Verify_Type_New_Signature" time="96.062">
    <skipped/>
  </testcase> <!-- TC_02_Verify_Type_New_Signature -->
  <testcase classname="Computhink.Script.My_Preferences_Add_signature" name="TC_02_Verify_Type_New_Signature" time="95.895">
    <skipped/>
  </testcase> <!-- TC_02_Verify_Type_New_Signature -->
  <testcase classname="Computhink.Script.My_Preferences_Add_signature" name="TC_02_Verify_Type_New_Signature" time="96.109">
    <skipped/>
  </testcase> <!-- TC_02_Verify_Type_New_Signature -->
  <testcase classname="Computhink.Script.My_Preferences_Add_signature" name="TC_02_Verify_Type_New_Signature" time="95.98">
    <failure type="org.openqa.selenium.ElementClickInterceptedException" message="element click intercepted: Element &amp;lt;select title=&amp;quot;Fonts&amp;quot; class=&amp;quot;form-control form-control-sm customSelect&amp;quot; id=&amp;quot;signatureFonts&amp;quot; style=&amp;quot;font-size: 13px; font-family: wf_segoe-ui_normal, &amp;amp;quot;Segoe UI&amp;amp;quot;, &amp;amp;quot;Segoe WP&amp;amp;quot;, Tahoma, Arial, sans-serif;&amp;quot;&amp;gt;...&amp;lt;/select&amp;gt; is not clickable at point (1153, 334). Other element would receive the click: &amp;lt;div id=&amp;quot;validationModel&amp;quot; class=&amp;quot;cvModelValidation&amp;quot; style=&amp;quot;display: block; font-family: wf_segoe-ui_normal, &amp;amp;quot;Segoe UI&amp;amp;quot;, &amp;amp;quot;Segoe WP&amp;amp;quot;, Tahoma, Arial, sans-serif;&amp;quot;&amp;gt;...&amp;lt;/div&amp;gt;
  (Session info: chrome=131.0.6778.205)
Build info: version: &amp;apos;3.141.59&amp;apos;, revision: &amp;apos;e82be7d358&amp;apos;, time: &amp;apos;2018-11-14T08:25:53&amp;apos;
System info: host: &amp;apos;CIPLWKT014&amp;apos;, ip: &amp;apos;10.4.8.14&amp;apos;, os.name: &amp;apos;Windows 10&amp;apos;, os.arch: &amp;apos;amd64&amp;apos;, os.version: &amp;apos;10.0&amp;apos;, java.version: &amp;apos;17.0.12&amp;apos;
Driver info: org.openqa.selenium.chrome.ChromeDriver
Capabilities {acceptInsecureCerts: false, browserName: chrome, browserVersion: 131.0.6778.205, chrome: {chromedriverVersion: 131.0.6778.204 (52183f9e99a..., userDataDir: C:\Users\nisha.r\AppData\Lo...}, fedcm:accounts: true, goog:chromeOptions: {debuggerAddress: localhost:55904}, javascriptEnabled: true, networkConnectionEnabled: false, pageLoadStrategy: normal, platform: WINDOWS, platformName: WINDOWS, proxy: Proxy(), setWindowRect: true, strictFileInteractability: false, timeouts: {implicit: 0, pageLoad: 300000, script: 30000}, unhandledPromptBehavior: dismiss and notify, webauthn:extension:credBlob: true, webauthn:extension:largeBlob: true, webauthn:extension:minPinLength: true, webauthn:extension:prf: true, webauthn:virtualAuthenticators: true}
Session ID: 326f5e112b463db245f5232d9244f69c">
      <![CDATA[org.openqa.selenium.ElementClickInterceptedException: element click intercepted: Element <select title="Fonts" class="form-control form-control-sm customSelect" id="signatureFonts" style="font-size: 13px; font-family: wf_segoe-ui_normal, &quot;Segoe UI&quot;, &quot;Segoe WP&quot;, Tahoma, Arial, sans-serif;">...</select> is not clickable at point (1153, 334). Other element would receive the click: <div id="validationModel" class="cvModelValidation" style="display: block; font-family: wf_segoe-ui_normal, &quot;Segoe UI&quot;, &quot;Segoe WP&quot;, Tahoma, Arial, sans-serif;">...</div>
  (Session info: chrome=131.0.6778.205)
Build info: version: '3.141.59', revision: 'e82be7d358', time: '2018-11-14T08:25:53'
System info: host: 'CIPLWKT014', ip: '10.4.8.14', os.name: 'Windows 10', os.arch: 'amd64', os.version: '10.0', java.version: '17.0.12'
Driver info: org.openqa.selenium.chrome.ChromeDriver
Capabilities {acceptInsecureCerts: false, browserName: chrome, browserVersion: 131.0.6778.205, chrome: {chromedriverVersion: 131.0.6778.204 (52183f9e99a..., userDataDir: C:\Users\nisha.r\AppData\Lo...}, fedcm:accounts: true, goog:chromeOptions: {debuggerAddress: localhost:55904}, javascriptEnabled: true, networkConnectionEnabled: false, pageLoadStrategy: normal, platform: WINDOWS, platformName: WINDOWS, proxy: Proxy(), setWindowRect: true, strictFileInteractability: false, timeouts: {implicit: 0, pageLoad: 300000, script: 30000}, unhandledPromptBehavior: dismiss and notify, webauthn:extension:credBlob: true, webauthn:extension:largeBlob: true, webauthn:extension:minPinLength: true, webauthn:extension:prf: true, webauthn:virtualAuthenticators: true}
Session ID: 326f5e112b463db245f5232d9244f69c
at org.openqa.selenium.remote.http.W3CHttpResponseCodec.createException(W3CHttpResponseCodec.java:187)
at org.openqa.selenium.remote.http.W3CHttpResponseCodec.decode(W3CHttpResponseCodec.java:122)
at org.openqa.selenium.remote.http.W3CHttpResponseCodec.decode(W3CHttpResponseCodec.java:49)
at org.openqa.selenium.remote.HttpCommandExecutor.execute(HttpCommandExecutor.java:158)
at org.openqa.selenium.remote.service.DriverCommandExecutor.execute(DriverCommandExecutor.java:83)
at org.openqa.selenium.remote.RemoteWebDriver.execute(RemoteWebDriver.java:552)
at org.openqa.selenium.remote.RemoteWebElement.execute(RemoteWebElement.java:285)
at org.openqa.selenium.remote.RemoteWebElement.click(RemoteWebElement.java:84)
at org.openqa.selenium.support.pagefactory.internal.LocatingElementHandler.invoke(LocatingElementHandler.java:51)
at jdk.proxy2/jdk.proxy2.$Proxy26.click(Unknown Source)
at Computhink.Pom.My_Preferences.getsignatureFontOption2(My_Preferences.java:1103)
at Computhink.Pom.My_Preferences.Verify_Type_New_Signature(My_Preferences.java:2059)
at Computhink.Script.My_Preferences_Add_signature.TC_02_Verify_Type_New_Signature(My_Preferences_Add_signature.java:42)
at java.base/java.util.ArrayList.forEach(ArrayList.java:1511)
... Removed 36 stack frames]]>
    </failure>
  </testcase> <!-- TC_02_Verify_Type_New_Signature -->
</testsuite> <!-- Test12 -->
